{"C:\\Users\\Rib0\\Desktop\\programming\\Game\\src\\javascript\\base\\index.js": {"path":"C:\\Users\\Rib0\\Desktop\\programming\\Game\\src\\javascript\\base\\index.js","statementMap":{},"fnMap":{},"branchMap":{},"s":{},"f":{},"b":{},"_coverageSchema":"1a1c01bbd47fc00a2c39e90264f33305004495a9","hash":"3311bfcc50c165afa077e3e72bff1f091451b831"}
,"C:\\Users\\Rib0\\Desktop\\programming\\Game\\src\\javascript\\base\\Button\\index.jsx": {"path":"C:\\Users\\Rib0\\Desktop\\programming\\Game\\src\\javascript\\base\\Button\\index.jsx","statementMap":{"0":{"start":{"line":9,"column":11},"end":{"line":9,"column":34}},"1":{"start":{"line":12,"column":19},"end":{"line":15,"column":5}},"2":{"start":{"line":17,"column":19},"end":{"line":20,"column":5}},"3":{"start":{"line":23,"column":88},"end":{"line":23,"column":98}},"4":{"start":{"line":25,"column":32},"end":{"line":25,"column":97}},"5":{"start":{"line":27,"column":8},"end":{"line":31,"column":10}},"6":{"start":{"line":35,"column":0},"end":{"line":38,"column":2}},"7":{"start":{"line":40,"column":0},"end":{"line":49,"column":2}}},"fnMap":{"0":{"name":"(anonymous_0)","decl":{"start":{"line":22,"column":4},"end":{"line":22,"column":5}},"loc":{"start":{"line":22,"column":13},"end":{"line":32,"column":5}},"line":22}},"branchMap":{"0":{"loc":{"start":{"line":25,"column":45},"end":{"line":25,"column":73}},"type":"binary-expr","locations":[{"start":{"line":25,"column":45},"end":{"line":25,"column":53}},{"start":{"line":25,"column":57},"end":{"line":25,"column":73}}],"line":25},"1":{"loc":{"start":{"line":29,"column":17},"end":{"line":29,"column":85}},"type":"cond-expr","locations":[{"start":{"line":29,"column":28},"end":{"line":29,"column":78}},{"start":{"line":29,"column":81},"end":{"line":29,"column":85}}],"line":29}},"s":{"0":4,"1":4,"2":4,"3":11,"4":11,"5":11,"6":4,"7":4},"f":{"0":11},"b":{"0":[11,4],"1":[4,7]},"_coverageSchema":"1a1c01bbd47fc00a2c39e90264f33305004495a9","hash":"dd3c56ac9c93974d38a9a8564dd9bf2ed1236dcf"}
,"C:\\Users\\Rib0\\Desktop\\programming\\Game\\src\\javascript\\base\\Icon\\index.jsx": {"path":"C:\\Users\\Rib0\\Desktop\\programming\\Game\\src\\javascript\\base\\Icon\\index.jsx","statementMap":{"0":{"start":{"line":8,"column":11},"end":{"line":8,"column":34}},"1":{"start":{"line":11,"column":23},"end":{"line":14,"column":5}},"2":{"start":{"line":16,"column":23},"end":{"line":18,"column":5}},"3":{"start":{"line":21,"column":42},"end":{"line":21,"column":52}},"4":{"start":{"line":23,"column":8},"end":{"line":27,"column":10}},"5":{"start":{"line":31,"column":0},"end":{"line":35,"column":2}},"6":{"start":{"line":37,"column":0},"end":{"line":39,"column":2}}},"fnMap":{"0":{"name":"(anonymous_0)","decl":{"start":{"line":20,"column":4},"end":{"line":20,"column":5}},"loc":{"start":{"line":20,"column":13},"end":{"line":28,"column":5}},"line":20}},"branchMap":{},"s":{"0":5,"1":5,"2":5,"3":3,"4":3,"5":5,"6":5},"f":{"0":3},"b":{},"_coverageSchema":"1a1c01bbd47fc00a2c39e90264f33305004495a9","hash":"192cffdbcd0e4d9f49ac73f18a559f8deee6e8ef"}
,"C:\\Users\\Rib0\\Desktop\\programming\\Game\\src\\javascript\\base\\Loader\\index.jsx": {"path":"C:\\Users\\Rib0\\Desktop\\programming\\Game\\src\\javascript\\base\\Loader\\index.jsx","statementMap":{"0":{"start":{"line":5,"column":16},"end":{"line":10,"column":1}},"1":{"start":{"line":6,"column":4},"end":{"line":9,"column":7}}},"fnMap":{"0":{"name":"(anonymous_0)","decl":{"start":{"line":5,"column":16},"end":{"line":5,"column":17}},"loc":{"start":{"line":6,"column":4},"end":{"line":9,"column":7}},"line":6}},"branchMap":{},"s":{"0":3,"1":2},"f":{"0":2},"b":{},"_coverageSchema":"1a1c01bbd47fc00a2c39e90264f33305004495a9","hash":"a1b307ae8c9eac38ba7eabe34680b6ce12b1bf8c"}
,"C:\\Users\\Rib0\\Desktop\\programming\\Game\\src\\javascript\\base\\Modal\\index.jsx": {"path":"C:\\Users\\Rib0\\Desktop\\programming\\Game\\src\\javascript\\base\\Modal\\index.jsx","statementMap":{"0":{"start":{"line":10,"column":8},"end":{"line":10,"column":64}},"1":{"start":{"line":14,"column":74},"end":{"line":14,"column":84}},"2":{"start":{"line":16,"column":8},"end":{"line":16,"column":33}},"3":{"start":{"line":16,"column":21},"end":{"line":16,"column":33}},"4":{"start":{"line":18,"column":8},"end":{"line":29,"column":10}},"5":{"start":{"line":33,"column":0},"end":{"line":39,"column":2}}},"fnMap":{"0":{"name":"(anonymous_0)","decl":{"start":{"line":9,"column":4},"end":{"line":9,"column":5}},"loc":{"start":{"line":9,"column":33},"end":{"line":11,"column":5}},"line":9},"1":{"name":"(anonymous_1)","decl":{"start":{"line":13,"column":4},"end":{"line":13,"column":5}},"loc":{"start":{"line":13,"column":13},"end":{"line":30,"column":5}},"line":13}},"branchMap":{"0":{"loc":{"start":{"line":16,"column":8},"end":{"line":16,"column":33}},"type":"if","locations":[{"start":{"line":16,"column":8},"end":{"line":16,"column":33}},{"start":{"line":16,"column":8},"end":{"line":16,"column":33}}],"line":16},"1":{"loc":{"start":{"line":22,"column":21},"end":{"line":22,"column":79}},"type":"binary-expr","locations":[{"start":{"line":22,"column":21},"end":{"line":22,"column":28}},{"start":{"line":22,"column":32},"end":{"line":22,"column":79}}],"line":22},"2":{"loc":{"start":{"line":25,"column":38},"end":{"line":25,"column":62}},"type":"binary-expr","locations":[{"start":{"line":25,"column":38},"end":{"line":25,"column":54}},{"start":{"line":25,"column":58},"end":{"line":25,"column":62}}],"line":25}},"s":{"0":1,"1":7,"2":7,"3":1,"4":6,"5":3},"f":{"0":1,"1":7},"b":{"0":[1,6],"1":[6,6],"2":[6,1]},"_coverageSchema":"1a1c01bbd47fc00a2c39e90264f33305004495a9","hash":"af988c3f53f8cba7fb9cf7e718d2e296875a7210"}
,"C:\\Users\\Rib0\\Desktop\\programming\\Game\\src\\javascript\\games\\digits\\utils.js": {"path":"C:\\Users\\Rib0\\Desktop\\programming\\Game\\src\\javascript\\games\\digits\\utils.js","statementMap":{"0":{"start":{"line":1,"column":25},"end":{"line":2,"column":72}},"1":{"start":{"line":2,"column":4},"end":{"line":2,"column":72}}},"fnMap":{"0":{"name":"(anonymous_0)","decl":{"start":{"line":1,"column":25},"end":{"line":1,"column":26}},"loc":{"start":{"line":2,"column":4},"end":{"line":2,"column":72}},"line":2}},"branchMap":{},"s":{"0":3,"1":1},"f":{"0":1},"b":{},"_coverageSchema":"1a1c01bbd47fc00a2c39e90264f33305004495a9","hash":"e2cbca98d8923251d259d407a7f647aeff735d5f"}
,"C:\\Users\\Rib0\\Desktop\\programming\\Game\\src\\javascript\\games\\digits\\components\\Field\\index.jsx": {"path":"C:\\Users\\Rib0\\Desktop\\programming\\Game\\src\\javascript\\games\\digits\\components\\Field\\index.jsx","statementMap":{"0":{"start":{"line":9,"column":8},"end":{"line":13,"column":10}},"1":{"start":{"line":16,"column":20},"end":{"line":27,"column":5}},"2":{"start":{"line":17,"column":28},"end":{"line":17,"column":38}},"3":{"start":{"line":18,"column":25},"end":{"line":18,"column":49}},"4":{"start":{"line":19,"column":26},"end":{"line":19,"column":42}},"5":{"start":{"line":20,"column":25},"end":{"line":20,"column":55}},"6":{"start":{"line":22,"column":8},"end":{"line":26,"column":10}},"7":{"start":{"line":30,"column":35},"end":{"line":30,"column":45}},"8":{"start":{"line":32,"column":8},"end":{"line":54,"column":10}},"9":{"start":{"line":35,"column":34},"end":{"line":38,"column":21}},"10":{"start":{"line":40,"column":20},"end":{"line":51,"column":22}},"11":{"start":{"line":58,"column":0},"end":{"line":62,"column":2}}},"fnMap":{"0":{"name":"(anonymous_0)","decl":{"start":{"line":8,"column":4},"end":{"line":8,"column":5}},"loc":{"start":{"line":8,"column":52},"end":{"line":14,"column":5}},"line":8},"1":{"name":"(anonymous_1)","decl":{"start":{"line":16,"column":20},"end":{"line":16,"column":21}},"loc":{"start":{"line":16,"column":29},"end":{"line":27,"column":5}},"line":16},"2":{"name":"(anonymous_2)","decl":{"start":{"line":29,"column":4},"end":{"line":29,"column":5}},"loc":{"start":{"line":29,"column":13},"end":{"line":55,"column":5}},"line":29},"3":{"name":"(anonymous_3)","decl":{"start":{"line":34,"column":27},"end":{"line":34,"column":28}},"loc":{"start":{"line":34,"column":49},"end":{"line":52,"column":17}},"line":34}},"branchMap":{"0":{"loc":{"start":{"line":23,"column":17},"end":{"line":23,"column":66}},"type":"cond-expr","locations":[{"start":{"line":23,"column":27},"end":{"line":23,"column":28}},{"start":{"line":23,"column":31},"end":{"line":23,"column":66}}],"line":23},"1":{"loc":{"start":{"line":24,"column":18},"end":{"line":24,"column":68}},"type":"cond-expr","locations":[{"start":{"line":24,"column":28},"end":{"line":24,"column":29}},{"start":{"line":24,"column":32},"end":{"line":24,"column":68}}],"line":24},"2":{"loc":{"start":{"line":25,"column":21},"end":{"line":25,"column":65}},"type":"cond-expr","locations":[{"start":{"line":25,"column":60},"end":{"line":25,"column":61}},{"start":{"line":25,"column":64},"end":{"line":25,"column":65}}],"line":25},"3":{"loc":{"start":{"line":25,"column":21},"end":{"line":25,"column":57}},"type":"binary-expr","locations":[{"start":{"line":25,"column":21},"end":{"line":25,"column":46}},{"start":{"line":25,"column":50},"end":{"line":25,"column":57}}],"line":25},"4":{"loc":{"start":{"line":37,"column":41},"end":{"line":37,"column":76}},"type":"binary-expr","locations":[{"start":{"line":37,"column":41},"end":{"line":37,"column":60}},{"start":{"line":37,"column":64},"end":{"line":37,"column":76}}],"line":37}},"s":{"0":1,"1":5,"2":27,"3":27,"4":27,"5":27,"6":27,"7":5,"8":5,"9":25,"10":25,"11":2},"f":{"0":1,"1":27,"2":5,"3":25},"b":{"0":[6,21],"1":[6,21],"2":[6,21],"3":[27,27],"4":[25,5]},"_coverageSchema":"1a1c01bbd47fc00a2c39e90264f33305004495a9","hash":"46ceaaa408e19d17bccb5ec65bd32f10143833aa"}
,"C:\\Users\\Rib0\\Desktop\\programming\\Game\\src\\javascript\\games\\digits\\components\\MainView\\index.jsx": {"path":"C:\\Users\\Rib0\\Desktop\\programming\\Game\\src\\javascript\\games\\digits\\components\\MainView\\index.jsx","statementMap":{"0":{"start":{"line":11,"column":22},"end":{"line":11,"column":34}},"1":{"start":{"line":12,"column":22},"end":{"line":12,"column":25}},"2":{"start":{"line":13,"column":29},"end":{"line":13,"column":32}},"3":{"start":{"line":15,"column":12},"end":{"line":19,"column":5}},"4":{"start":{"line":22,"column":30},"end":{"line":22,"column":39}},"5":{"start":{"line":23,"column":35},"end":{"line":23,"column":45}},"6":{"start":{"line":25,"column":8},"end":{"line":27,"column":9}},"7":{"start":{"line":26,"column":12},"end":{"line":26,"column":28}},"8":{"start":{"line":31,"column":28},"end":{"line":31,"column":57}},"9":{"start":{"line":33,"column":22},"end":{"line":45,"column":14}},"10":{"start":{"line":34,"column":30},"end":{"line":34,"column":55}},"11":{"start":{"line":36,"column":12},"end":{"line":38,"column":13}},"12":{"start":{"line":36,"column":43},"end":{"line":36,"column":64}},"13":{"start":{"line":37,"column":16},"end":{"line":37,"column":56}},"14":{"start":{"line":39,"column":12},"end":{"line":42,"column":15}},"15":{"start":{"line":44,"column":12},"end":{"line":44,"column":23}},"16":{"start":{"line":47,"column":8},"end":{"line":49,"column":11}},"17":{"start":{"line":52,"column":20},"end":{"line":61,"column":5}},"18":{"start":{"line":53,"column":28},"end":{"line":53,"column":38}},"19":{"start":{"line":54,"column":8},"end":{"line":54,"column":28}},"20":{"start":{"line":54,"column":21},"end":{"line":54,"column":28}},"21":{"start":{"line":56,"column":8},"end":{"line":56,"column":41}},"22":{"start":{"line":57,"column":8},"end":{"line":60,"column":37}},"23":{"start":{"line":58,"column":12},"end":{"line":58,"column":29}},"24":{"start":{"line":59,"column":12},"end":{"line":59,"column":67}},"25":{"start":{"line":59,"column":29},"end":{"line":59,"column":62}},"26":{"start":{"line":64,"column":26},"end":{"line":64,"column":36}},"27":{"start":{"line":65,"column":28},"end":{"line":65,"column":57}},"28":{"start":{"line":67,"column":26},"end":{"line":69,"column":9}},"29":{"start":{"line":68,"column":21},"end":{"line":68,"column":69}},"30":{"start":{"line":68,"column":47},"end":{"line":68,"column":52}},"31":{"start":{"line":70,"column":31},"end":{"line":72,"column":9}},"32":{"start":{"line":71,"column":17},"end":{"line":71,"column":32}},"33":{"start":{"line":74,"column":8},"end":{"line":74,"column":30}},"34":{"start":{"line":78,"column":26},"end":{"line":78,"column":36}},"35":{"start":{"line":79,"column":23},"end":{"line":79,"column":77}},"36":{"start":{"line":79,"column":57},"end":{"line":79,"column":76}},"37":{"start":{"line":81,"column":8},"end":{"line":85,"column":9}},"38":{"start":{"line":82,"column":12},"end":{"line":84,"column":15}},"39":{"start":{"line":88,"column":18},"end":{"line":92,"column":5}},"40":{"start":{"line":89,"column":8},"end":{"line":89,"column":41}},"41":{"start":{"line":91,"column":8},"end":{"line":91,"column":29}},"42":{"start":{"line":94,"column":14},"end":{"line":109,"column":5}},"43":{"start":{"line":97,"column":12},"end":{"line":97,"column":27}},"44":{"start":{"line":98,"column":27},"end":{"line":98,"column":60}},"45":{"start":{"line":99,"column":8},"end":{"line":99,"column":45}},"46":{"start":{"line":99,"column":38},"end":{"line":99,"column":45}},"47":{"start":{"line":101,"column":26},"end":{"line":101,"column":36}},"48":{"start":{"line":102,"column":25},"end":{"line":104,"column":9}},"49":{"start":{"line":103,"column":12},"end":{"line":103,"column":80}},"50":{"start":{"line":106,"column":8},"end":{"line":108,"column":11}},"51":{"start":{"line":112,"column":43},"end":{"line":112,"column":53}},"52":{"start":{"line":114,"column":8},"end":{"line":133,"column":10}}},"fnMap":{"0":{"name":"(anonymous_0)","decl":{"start":{"line":21,"column":4},"end":{"line":21,"column":5}},"loc":{"start":{"line":21,"column":37},"end":{"line":28,"column":5}},"line":21},"1":{"name":"(anonymous_1)","decl":{"start":{"line":30,"column":4},"end":{"line":30,"column":5}},"loc":{"start":{"line":30,"column":16},"end":{"line":50,"column":5}},"line":30},"2":{"name":"(anonymous_2)","decl":{"start":{"line":33,"column":64},"end":{"line":33,"column":65}},"loc":{"start":{"line":33,"column":83},"end":{"line":45,"column":9}},"line":33},"3":{"name":"(anonymous_3)","decl":{"start":{"line":36,"column":28},"end":{"line":36,"column":29}},"loc":{"start":{"line":36,"column":43},"end":{"line":36,"column":64}},"line":36},"4":{"name":"(anonymous_4)","decl":{"start":{"line":52,"column":20},"end":{"line":52,"column":21}},"loc":{"start":{"line":52,"column":26},"end":{"line":61,"column":5}},"line":52},"5":{"name":"(anonymous_5)","decl":{"start":{"line":57,"column":19},"end":{"line":57,"column":20}},"loc":{"start":{"line":57,"column":25},"end":{"line":60,"column":9}},"line":57},"6":{"name":"(anonymous_6)","decl":{"start":{"line":59,"column":23},"end":{"line":59,"column":24}},"loc":{"start":{"line":59,"column":29},"end":{"line":59,"column":62}},"line":59},"7":{"name":"(anonymous_7)","decl":{"start":{"line":63,"column":4},"end":{"line":63,"column":5}},"loc":{"start":{"line":63,"column":25},"end":{"line":75,"column":5}},"line":63},"8":{"name":"(anonymous_8)","decl":{"start":{"line":68,"column":12},"end":{"line":68,"column":13}},"loc":{"start":{"line":68,"column":21},"end":{"line":68,"column":69}},"line":68},"9":{"name":"(anonymous_9)","decl":{"start":{"line":68,"column":32},"end":{"line":68,"column":33}},"loc":{"start":{"line":68,"column":47},"end":{"line":68,"column":52}},"line":68},"10":{"name":"(anonymous_10)","decl":{"start":{"line":71,"column":12},"end":{"line":71,"column":13}},"loc":{"start":{"line":71,"column":17},"end":{"line":71,"column":32}},"line":71},"11":{"name":"(anonymous_11)","decl":{"start":{"line":77,"column":4},"end":{"line":77,"column":5}},"loc":{"start":{"line":77,"column":15},"end":{"line":86,"column":5}},"line":77},"12":{"name":"(anonymous_12)","decl":{"start":{"line":79,"column":35},"end":{"line":79,"column":36}},"loc":{"start":{"line":79,"column":57},"end":{"line":79,"column":76}},"line":79},"13":{"name":"(anonymous_13)","decl":{"start":{"line":88,"column":18},"end":{"line":88,"column":19}},"loc":{"start":{"line":88,"column":24},"end":{"line":92,"column":5}},"line":88},"14":{"name":"(anonymous_14)","decl":{"start":{"line":94,"column":14},"end":{"line":94,"column":15}},"loc":{"start":{"line":94,"column":19},"end":{"line":109,"column":5}},"line":94},"15":{"name":"(anonymous_15)","decl":{"start":{"line":102,"column":35},"end":{"line":102,"column":36}},"loc":{"start":{"line":103,"column":12},"end":{"line":103,"column":80}},"line":103},"16":{"name":"(anonymous_16)","decl":{"start":{"line":111,"column":4},"end":{"line":111,"column":5}},"loc":{"start":{"line":111,"column":13},"end":{"line":134,"column":5}},"line":111}},"branchMap":{"0":{"loc":{"start":{"line":25,"column":8},"end":{"line":27,"column":9}},"type":"if","locations":[{"start":{"line":25,"column":8},"end":{"line":27,"column":9}},{"start":{"line":25,"column":8},"end":{"line":27,"column":9}}],"line":25},"1":{"loc":{"start":{"line":25,"column":12},"end":{"line":25,"column":43}},"type":"binary-expr","locations":[{"start":{"line":25,"column":12},"end":{"line":25,"column":31}},{"start":{"line":25,"column":35},"end":{"line":25,"column":43}}],"line":25},"2":{"loc":{"start":{"line":54,"column":8},"end":{"line":54,"column":28}},"type":"if","locations":[{"start":{"line":54,"column":8},"end":{"line":54,"column":28}},{"start":{"line":54,"column":8},"end":{"line":54,"column":28}}],"line":54},"3":{"loc":{"start":{"line":81,"column":8},"end":{"line":85,"column":9}},"type":"if","locations":[{"start":{"line":81,"column":8},"end":{"line":85,"column":9}},{"start":{"line":81,"column":8},"end":{"line":85,"column":9}}],"line":81},"4":{"loc":{"start":{"line":99,"column":8},"end":{"line":99,"column":45}},"type":"if","locations":[{"start":{"line":99,"column":8},"end":{"line":99,"column":45}},{"start":{"line":99,"column":8},"end":{"line":99,"column":45}}],"line":99},"5":{"loc":{"start":{"line":103,"column":12},"end":{"line":103,"column":80}},"type":"cond-expr","locations":[{"start":{"line":103,"column":43},"end":{"line":103,"column":73}},{"start":{"line":103,"column":76},"end":{"line":103,"column":80}}],"line":103}},"s":{"0":2,"1":2,"2":2,"3":2,"4":1,"5":1,"6":1,"7":1,"8":0,"9":0,"10":0,"11":0,"12":0,"13":0,"14":0,"15":0,"16":0,"17":2,"18":0,"19":0,"20":0,"21":0,"22":0,"23":0,"24":0,"25":0,"26":0,"27":0,"28":0,"29":0,"30":0,"31":0,"32":0,"33":0,"34":1,"35":1,"36":0,"37":1,"38":1,"39":2,"40":0,"41":0,"42":2,"43":0,"44":0,"45":0,"46":0,"47":0,"48":0,"49":0,"50":0,"51":3,"52":3},"f":{"0":1,"1":0,"2":0,"3":0,"4":0,"5":0,"6":0,"7":0,"8":0,"9":0,"10":0,"11":1,"12":0,"13":0,"14":0,"15":0,"16":3},"b":{"0":[1,0],"1":[1,1],"2":[0,0],"3":[1,0],"4":[0,0],"5":[0,0]},"_coverageSchema":"1a1c01bbd47fc00a2c39e90264f33305004495a9","hash":"74345e1095ff0eff82b860fe164495c6a13576fd"}
}
