{"C:\\Users\\Rib0\\Desktop\\programming\\Game\\src\\javascript\\base\\index.js": {"path":"C:\\Users\\Rib0\\Desktop\\programming\\Game\\src\\javascript\\base\\index.js","statementMap":{},"fnMap":{},"branchMap":{},"s":{},"f":{},"b":{},"_coverageSchema":"1a1c01bbd47fc00a2c39e90264f33305004495a9","hash":"3311bfcc50c165afa077e3e72bff1f091451b831"}
,"C:\\Users\\Rib0\\Desktop\\programming\\Game\\src\\javascript\\base\\Button\\index.jsx": {"path":"C:\\Users\\Rib0\\Desktop\\programming\\Game\\src\\javascript\\base\\Button\\index.jsx","statementMap":{"0":{"start":{"line":9,"column":11},"end":{"line":9,"column":34}},"1":{"start":{"line":12,"column":19},"end":{"line":15,"column":5}},"2":{"start":{"line":17,"column":19},"end":{"line":20,"column":5}},"3":{"start":{"line":23,"column":88},"end":{"line":23,"column":98}},"4":{"start":{"line":25,"column":32},"end":{"line":25,"column":97}},"5":{"start":{"line":27,"column":8},"end":{"line":31,"column":10}},"6":{"start":{"line":35,"column":0},"end":{"line":38,"column":2}},"7":{"start":{"line":40,"column":0},"end":{"line":49,"column":2}}},"fnMap":{"0":{"name":"(anonymous_0)","decl":{"start":{"line":22,"column":4},"end":{"line":22,"column":5}},"loc":{"start":{"line":22,"column":13},"end":{"line":32,"column":5}},"line":22}},"branchMap":{"0":{"loc":{"start":{"line":25,"column":45},"end":{"line":25,"column":73}},"type":"binary-expr","locations":[{"start":{"line":25,"column":45},"end":{"line":25,"column":53}},{"start":{"line":25,"column":57},"end":{"line":25,"column":73}}],"line":25},"1":{"loc":{"start":{"line":29,"column":17},"end":{"line":29,"column":85}},"type":"cond-expr","locations":[{"start":{"line":29,"column":28},"end":{"line":29,"column":78}},{"start":{"line":29,"column":81},"end":{"line":29,"column":85}}],"line":29}},"s":{"0":4,"1":4,"2":4,"3":11,"4":11,"5":11,"6":4,"7":4},"f":{"0":11},"b":{"0":[11,4],"1":[4,7]},"_coverageSchema":"1a1c01bbd47fc00a2c39e90264f33305004495a9","hash":"dd3c56ac9c93974d38a9a8564dd9bf2ed1236dcf"}
,"C:\\Users\\Rib0\\Desktop\\programming\\Game\\src\\javascript\\base\\Icon\\index.jsx": {"path":"C:\\Users\\Rib0\\Desktop\\programming\\Game\\src\\javascript\\base\\Icon\\index.jsx","statementMap":{"0":{"start":{"line":8,"column":11},"end":{"line":8,"column":34}},"1":{"start":{"line":11,"column":23},"end":{"line":14,"column":5}},"2":{"start":{"line":16,"column":23},"end":{"line":18,"column":5}},"3":{"start":{"line":21,"column":42},"end":{"line":21,"column":52}},"4":{"start":{"line":23,"column":8},"end":{"line":27,"column":10}},"5":{"start":{"line":31,"column":0},"end":{"line":35,"column":2}},"6":{"start":{"line":37,"column":0},"end":{"line":39,"column":2}}},"fnMap":{"0":{"name":"(anonymous_0)","decl":{"start":{"line":20,"column":4},"end":{"line":20,"column":5}},"loc":{"start":{"line":20,"column":13},"end":{"line":28,"column":5}},"line":20}},"branchMap":{},"s":{"0":5,"1":5,"2":5,"3":3,"4":3,"5":5,"6":5},"f":{"0":3},"b":{},"_coverageSchema":"1a1c01bbd47fc00a2c39e90264f33305004495a9","hash":"192cffdbcd0e4d9f49ac73f18a559f8deee6e8ef"}
,"C:\\Users\\Rib0\\Desktop\\programming\\Game\\src\\javascript\\base\\Loader\\index.jsx": {"path":"C:\\Users\\Rib0\\Desktop\\programming\\Game\\src\\javascript\\base\\Loader\\index.jsx","statementMap":{"0":{"start":{"line":5,"column":16},"end":{"line":10,"column":1}},"1":{"start":{"line":6,"column":4},"end":{"line":9,"column":7}}},"fnMap":{"0":{"name":"(anonymous_0)","decl":{"start":{"line":5,"column":16},"end":{"line":5,"column":17}},"loc":{"start":{"line":6,"column":4},"end":{"line":9,"column":7}},"line":6}},"branchMap":{},"s":{"0":3,"1":2},"f":{"0":2},"b":{},"_coverageSchema":"1a1c01bbd47fc00a2c39e90264f33305004495a9","hash":"a1b307ae8c9eac38ba7eabe34680b6ce12b1bf8c"}
,"C:\\Users\\Rib0\\Desktop\\programming\\Game\\src\\javascript\\base\\Modal\\index.jsx": {"path":"C:\\Users\\Rib0\\Desktop\\programming\\Game\\src\\javascript\\base\\Modal\\index.jsx","statementMap":{"0":{"start":{"line":10,"column":8},"end":{"line":10,"column":64}},"1":{"start":{"line":14,"column":74},"end":{"line":14,"column":84}},"2":{"start":{"line":16,"column":8},"end":{"line":16,"column":33}},"3":{"start":{"line":16,"column":21},"end":{"line":16,"column":33}},"4":{"start":{"line":18,"column":8},"end":{"line":29,"column":10}},"5":{"start":{"line":33,"column":0},"end":{"line":39,"column":2}}},"fnMap":{"0":{"name":"(anonymous_0)","decl":{"start":{"line":9,"column":4},"end":{"line":9,"column":5}},"loc":{"start":{"line":9,"column":33},"end":{"line":11,"column":5}},"line":9},"1":{"name":"(anonymous_1)","decl":{"start":{"line":13,"column":4},"end":{"line":13,"column":5}},"loc":{"start":{"line":13,"column":13},"end":{"line":30,"column":5}},"line":13}},"branchMap":{"0":{"loc":{"start":{"line":16,"column":8},"end":{"line":16,"column":33}},"type":"if","locations":[{"start":{"line":16,"column":8},"end":{"line":16,"column":33}},{"start":{"line":16,"column":8},"end":{"line":16,"column":33}}],"line":16},"1":{"loc":{"start":{"line":22,"column":21},"end":{"line":22,"column":79}},"type":"binary-expr","locations":[{"start":{"line":22,"column":21},"end":{"line":22,"column":28}},{"start":{"line":22,"column":32},"end":{"line":22,"column":79}}],"line":22},"2":{"loc":{"start":{"line":25,"column":38},"end":{"line":25,"column":62}},"type":"binary-expr","locations":[{"start":{"line":25,"column":38},"end":{"line":25,"column":54}},{"start":{"line":25,"column":58},"end":{"line":25,"column":62}}],"line":25}},"s":{"0":1,"1":7,"2":7,"3":1,"4":6,"5":3},"f":{"0":1,"1":7},"b":{"0":[1,6],"1":[6,6],"2":[6,1]},"_coverageSchema":"1a1c01bbd47fc00a2c39e90264f33305004495a9","hash":"af988c3f53f8cba7fb9cf7e718d2e296875a7210"}
,"C:\\Users\\Rib0\\Desktop\\programming\\Game\\src\\javascript\\games\\digits\\utils.js": {"path":"C:\\Users\\Rib0\\Desktop\\programming\\Game\\src\\javascript\\games\\digits\\utils.js","statementMap":{"0":{"start":{"line":1,"column":25},"end":{"line":2,"column":72}},"1":{"start":{"line":2,"column":4},"end":{"line":2,"column":72}}},"fnMap":{"0":{"name":"(anonymous_0)","decl":{"start":{"line":1,"column":25},"end":{"line":1,"column":26}},"loc":{"start":{"line":2,"column":4},"end":{"line":2,"column":72}},"line":2}},"branchMap":{},"s":{"0":3,"1":255},"f":{"0":255},"b":{},"_coverageSchema":"1a1c01bbd47fc00a2c39e90264f33305004495a9","hash":"e2cbca98d8923251d259d407a7f647aeff735d5f"}
,"C:\\Users\\Rib0\\Desktop\\programming\\Game\\src\\javascript\\games\\digits\\components\\Field\\index.jsx": {"path":"C:\\Users\\Rib0\\Desktop\\programming\\Game\\src\\javascript\\games\\digits\\components\\Field\\index.jsx","statementMap":{"0":{"start":{"line":9,"column":8},"end":{"line":13,"column":10}},"1":{"start":{"line":16,"column":20},"end":{"line":27,"column":5}},"2":{"start":{"line":17,"column":28},"end":{"line":17,"column":38}},"3":{"start":{"line":18,"column":25},"end":{"line":18,"column":49}},"4":{"start":{"line":19,"column":26},"end":{"line":19,"column":42}},"5":{"start":{"line":20,"column":25},"end":{"line":20,"column":55}},"6":{"start":{"line":22,"column":8},"end":{"line":26,"column":10}},"7":{"start":{"line":30,"column":35},"end":{"line":30,"column":45}},"8":{"start":{"line":32,"column":8},"end":{"line":54,"column":10}},"9":{"start":{"line":35,"column":34},"end":{"line":38,"column":21}},"10":{"start":{"line":40,"column":20},"end":{"line":51,"column":22}},"11":{"start":{"line":58,"column":0},"end":{"line":62,"column":2}}},"fnMap":{"0":{"name":"(anonymous_0)","decl":{"start":{"line":8,"column":4},"end":{"line":8,"column":5}},"loc":{"start":{"line":8,"column":52},"end":{"line":14,"column":5}},"line":8},"1":{"name":"(anonymous_1)","decl":{"start":{"line":16,"column":20},"end":{"line":16,"column":21}},"loc":{"start":{"line":16,"column":29},"end":{"line":27,"column":5}},"line":16},"2":{"name":"(anonymous_2)","decl":{"start":{"line":29,"column":4},"end":{"line":29,"column":5}},"loc":{"start":{"line":29,"column":13},"end":{"line":55,"column":5}},"line":29},"3":{"name":"(anonymous_3)","decl":{"start":{"line":34,"column":27},"end":{"line":34,"column":28}},"loc":{"start":{"line":34,"column":49},"end":{"line":52,"column":17}},"line":34}},"branchMap":{"0":{"loc":{"start":{"line":23,"column":17},"end":{"line":23,"column":66}},"type":"cond-expr","locations":[{"start":{"line":23,"column":27},"end":{"line":23,"column":28}},{"start":{"line":23,"column":31},"end":{"line":23,"column":66}}],"line":23},"1":{"loc":{"start":{"line":24,"column":18},"end":{"line":24,"column":68}},"type":"cond-expr","locations":[{"start":{"line":24,"column":28},"end":{"line":24,"column":29}},{"start":{"line":24,"column":32},"end":{"line":24,"column":68}}],"line":24},"2":{"loc":{"start":{"line":25,"column":21},"end":{"line":25,"column":65}},"type":"cond-expr","locations":[{"start":{"line":25,"column":60},"end":{"line":25,"column":61}},{"start":{"line":25,"column":64},"end":{"line":25,"column":65}}],"line":25},"3":{"loc":{"start":{"line":25,"column":21},"end":{"line":25,"column":57}},"type":"binary-expr","locations":[{"start":{"line":25,"column":21},"end":{"line":25,"column":46}},{"start":{"line":25,"column":50},"end":{"line":25,"column":57}}],"line":25},"4":{"loc":{"start":{"line":37,"column":41},"end":{"line":37,"column":76}},"type":"binary-expr","locations":[{"start":{"line":37,"column":41},"end":{"line":37,"column":60}},{"start":{"line":37,"column":64},"end":{"line":37,"column":76}}],"line":37}},"s":{"0":1,"1":5,"2":27,"3":27,"4":27,"5":27,"6":27,"7":5,"8":5,"9":25,"10":25,"11":2},"f":{"0":1,"1":27,"2":5,"3":25},"b":{"0":[6,21],"1":[6,21],"2":[6,21],"3":[27,27],"4":[25,5]},"_coverageSchema":"1a1c01bbd47fc00a2c39e90264f33305004495a9","hash":"46ceaaa408e19d17bccb5ec65bd32f10143833aa"}
,"C:\\Users\\Rib0\\Desktop\\programming\\Game\\src\\javascript\\games\\digits\\components\\MainView\\index.jsx": {"path":"C:\\Users\\Rib0\\Desktop\\programming\\Game\\src\\javascript\\games\\digits\\components\\MainView\\index.jsx","statementMap":{"0":{"start":{"line":11,"column":22},"end":{"line":11,"column":34}},"1":{"start":{"line":12,"column":22},"end":{"line":12,"column":25}},"2":{"start":{"line":13,"column":29},"end":{"line":13,"column":32}},"3":{"start":{"line":15,"column":12},"end":{"line":19,"column":5}},"4":{"start":{"line":22,"column":30},"end":{"line":22,"column":39}},"5":{"start":{"line":23,"column":35},"end":{"line":23,"column":45}},"6":{"start":{"line":25,"column":8},"end":{"line":27,"column":9}},"7":{"start":{"line":26,"column":12},"end":{"line":26,"column":28}},"8":{"start":{"line":31,"column":28},"end":{"line":31,"column":57}},"9":{"start":{"line":33,"column":22},"end":{"line":45,"column":14}},"10":{"start":{"line":34,"column":30},"end":{"line":34,"column":55}},"11":{"start":{"line":36,"column":12},"end":{"line":38,"column":13}},"12":{"start":{"line":36,"column":43},"end":{"line":36,"column":64}},"13":{"start":{"line":37,"column":16},"end":{"line":37,"column":56}},"14":{"start":{"line":39,"column":12},"end":{"line":42,"column":15}},"15":{"start":{"line":44,"column":12},"end":{"line":44,"column":23}},"16":{"start":{"line":47,"column":8},"end":{"line":49,"column":11}},"17":{"start":{"line":52,"column":20},"end":{"line":61,"column":5}},"18":{"start":{"line":53,"column":28},"end":{"line":53,"column":38}},"19":{"start":{"line":54,"column":8},"end":{"line":54,"column":28}},"20":{"start":{"line":54,"column":21},"end":{"line":54,"column":28}},"21":{"start":{"line":56,"column":8},"end":{"line":56,"column":41}},"22":{"start":{"line":57,"column":8},"end":{"line":60,"column":37}},"23":{"start":{"line":58,"column":12},"end":{"line":58,"column":29}},"24":{"start":{"line":59,"column":12},"end":{"line":59,"column":67}},"25":{"start":{"line":59,"column":29},"end":{"line":59,"column":62}},"26":{"start":{"line":64,"column":26},"end":{"line":64,"column":36}},"27":{"start":{"line":65,"column":28},"end":{"line":65,"column":57}},"28":{"start":{"line":67,"column":26},"end":{"line":69,"column":9}},"29":{"start":{"line":68,"column":21},"end":{"line":68,"column":69}},"30":{"start":{"line":68,"column":47},"end":{"line":68,"column":52}},"31":{"start":{"line":70,"column":31},"end":{"line":72,"column":9}},"32":{"start":{"line":71,"column":17},"end":{"line":71,"column":32}},"33":{"start":{"line":74,"column":8},"end":{"line":74,"column":30}},"34":{"start":{"line":78,"column":26},"end":{"line":78,"column":36}},"35":{"start":{"line":79,"column":23},"end":{"line":79,"column":77}},"36":{"start":{"line":79,"column":57},"end":{"line":79,"column":76}},"37":{"start":{"line":81,"column":8},"end":{"line":85,"column":9}},"38":{"start":{"line":82,"column":12},"end":{"line":84,"column":15}},"39":{"start":{"line":88,"column":18},"end":{"line":92,"column":5}},"40":{"start":{"line":89,"column":8},"end":{"line":89,"column":41}},"41":{"start":{"line":91,"column":8},"end":{"line":91,"column":29}},"42":{"start":{"line":94,"column":14},"end":{"line":109,"column":5}},"43":{"start":{"line":97,"column":12},"end":{"line":97,"column":27}},"44":{"start":{"line":98,"column":27},"end":{"line":98,"column":60}},"45":{"start":{"line":99,"column":8},"end":{"line":99,"column":45}},"46":{"start":{"line":99,"column":38},"end":{"line":99,"column":45}},"47":{"start":{"line":101,"column":26},"end":{"line":101,"column":36}},"48":{"start":{"line":102,"column":25},"end":{"line":104,"column":9}},"49":{"start":{"line":103,"column":12},"end":{"line":103,"column":80}},"50":{"start":{"line":106,"column":8},"end":{"line":108,"column":11}},"51":{"start":{"line":112,"column":43},"end":{"line":112,"column":53}},"52":{"start":{"line":114,"column":8},"end":{"line":133,"column":10}}},"fnMap":{"0":{"name":"(anonymous_0)","decl":{"start":{"line":21,"column":4},"end":{"line":21,"column":5}},"loc":{"start":{"line":21,"column":37},"end":{"line":28,"column":5}},"line":21},"1":{"name":"(anonymous_1)","decl":{"start":{"line":30,"column":4},"end":{"line":30,"column":5}},"loc":{"start":{"line":30,"column":16},"end":{"line":50,"column":5}},"line":30},"2":{"name":"(anonymous_2)","decl":{"start":{"line":33,"column":64},"end":{"line":33,"column":65}},"loc":{"start":{"line":33,"column":83},"end":{"line":45,"column":9}},"line":33},"3":{"name":"(anonymous_3)","decl":{"start":{"line":36,"column":28},"end":{"line":36,"column":29}},"loc":{"start":{"line":36,"column":43},"end":{"line":36,"column":64}},"line":36},"4":{"name":"(anonymous_4)","decl":{"start":{"line":52,"column":20},"end":{"line":52,"column":21}},"loc":{"start":{"line":52,"column":26},"end":{"line":61,"column":5}},"line":52},"5":{"name":"(anonymous_5)","decl":{"start":{"line":57,"column":19},"end":{"line":57,"column":20}},"loc":{"start":{"line":57,"column":25},"end":{"line":60,"column":9}},"line":57},"6":{"name":"(anonymous_6)","decl":{"start":{"line":59,"column":23},"end":{"line":59,"column":24}},"loc":{"start":{"line":59,"column":29},"end":{"line":59,"column":62}},"line":59},"7":{"name":"(anonymous_7)","decl":{"start":{"line":63,"column":4},"end":{"line":63,"column":5}},"loc":{"start":{"line":63,"column":25},"end":{"line":75,"column":5}},"line":63},"8":{"name":"(anonymous_8)","decl":{"start":{"line":68,"column":12},"end":{"line":68,"column":13}},"loc":{"start":{"line":68,"column":21},"end":{"line":68,"column":69}},"line":68},"9":{"name":"(anonymous_9)","decl":{"start":{"line":68,"column":32},"end":{"line":68,"column":33}},"loc":{"start":{"line":68,"column":47},"end":{"line":68,"column":52}},"line":68},"10":{"name":"(anonymous_10)","decl":{"start":{"line":71,"column":12},"end":{"line":71,"column":13}},"loc":{"start":{"line":71,"column":17},"end":{"line":71,"column":32}},"line":71},"11":{"name":"(anonymous_11)","decl":{"start":{"line":77,"column":4},"end":{"line":77,"column":5}},"loc":{"start":{"line":77,"column":15},"end":{"line":86,"column":5}},"line":77},"12":{"name":"(anonymous_12)","decl":{"start":{"line":79,"column":35},"end":{"line":79,"column":36}},"loc":{"start":{"line":79,"column":57},"end":{"line":79,"column":76}},"line":79},"13":{"name":"(anonymous_13)","decl":{"start":{"line":88,"column":18},"end":{"line":88,"column":19}},"loc":{"start":{"line":88,"column":24},"end":{"line":92,"column":5}},"line":88},"14":{"name":"(anonymous_14)","decl":{"start":{"line":94,"column":14},"end":{"line":94,"column":15}},"loc":{"start":{"line":94,"column":19},"end":{"line":109,"column":5}},"line":94},"15":{"name":"(anonymous_15)","decl":{"start":{"line":102,"column":35},"end":{"line":102,"column":36}},"loc":{"start":{"line":103,"column":12},"end":{"line":103,"column":80}},"line":103},"16":{"name":"(anonymous_16)","decl":{"start":{"line":111,"column":4},"end":{"line":111,"column":5}},"loc":{"start":{"line":111,"column":13},"end":{"line":134,"column":5}},"line":111}},"branchMap":{"0":{"loc":{"start":{"line":25,"column":8},"end":{"line":27,"column":9}},"type":"if","locations":[{"start":{"line":25,"column":8},"end":{"line":27,"column":9}},{"start":{"line":25,"column":8},"end":{"line":27,"column":9}}],"line":25},"1":{"loc":{"start":{"line":25,"column":12},"end":{"line":25,"column":43}},"type":"binary-expr","locations":[{"start":{"line":25,"column":12},"end":{"line":25,"column":31}},{"start":{"line":25,"column":35},"end":{"line":25,"column":43}}],"line":25},"2":{"loc":{"start":{"line":54,"column":8},"end":{"line":54,"column":28}},"type":"if","locations":[{"start":{"line":54,"column":8},"end":{"line":54,"column":28}},{"start":{"line":54,"column":8},"end":{"line":54,"column":28}}],"line":54},"3":{"loc":{"start":{"line":81,"column":8},"end":{"line":85,"column":9}},"type":"if","locations":[{"start":{"line":81,"column":8},"end":{"line":85,"column":9}},{"start":{"line":81,"column":8},"end":{"line":85,"column":9}}],"line":81},"4":{"loc":{"start":{"line":99,"column":8},"end":{"line":99,"column":45}},"type":"if","locations":[{"start":{"line":99,"column":8},"end":{"line":99,"column":45}},{"start":{"line":99,"column":8},"end":{"line":99,"column":45}}],"line":99},"5":{"loc":{"start":{"line":103,"column":12},"end":{"line":103,"column":80}},"type":"cond-expr","locations":[{"start":{"line":103,"column":43},"end":{"line":103,"column":73}},{"start":{"line":103,"column":76},"end":{"line":103,"column":80}}],"line":103}},"s":{"0":2,"1":2,"2":2,"3":9,"4":11,"5":11,"6":11,"7":7,"8":5,"9":5,"10":75,"11":75,"12":1672,"13":179,"14":75,"15":75,"16":5,"17":9,"18":3,"19":3,"20":1,"21":2,"22":2,"23":1,"24":1,"25":1,"26":3,"27":3,"28":3,"29":3,"30":45,"31":3,"32":6,"33":3,"34":7,"35":7,"36":6,"37":7,"38":1,"39":9,"40":1,"41":1,"42":9,"43":2,"44":2,"45":2,"46":1,"47":1,"48":1,"49":15,"50":1,"51":20,"52":20},"f":{"0":11,"1":5,"2":75,"3":1672,"4":3,"5":1,"6":1,"7":3,"8":3,"9":45,"10":6,"11":7,"12":6,"13":1,"14":2,"15":15,"16":20},"b":{"0":[7,4],"1":[11,11],"2":[1,2],"3":[1,6],"4":[1,1],"5":[1,14]},"_coverageSchema":"1a1c01bbd47fc00a2c39e90264f33305004495a9","hash":"74345e1095ff0eff82b860fe164495c6a13576fd"}
,"C:\\Users\\Rib0\\Desktop\\programming\\Game\\src\\javascript\\games\\words\\components\\ProgressBar\\index.jsx": {"path":"C:\\Users\\Rib0\\Desktop\\programming\\Game\\src\\javascript\\games\\words\\components\\ProgressBar\\index.jsx","statementMap":{"0":{"start":{"line":7,"column":13},"end":{"line":9,"column":5}},"1":{"start":{"line":8,"column":8},"end":{"line":8,"column":29}},"2":{"start":{"line":12,"column":40},"end":{"line":12,"column":50}},"3":{"start":{"line":14,"column":8},"end":{"line":14,"column":77}},"4":{"start":{"line":18,"column":40},"end":{"line":18,"column":50}},"5":{"start":{"line":20,"column":8},"end":{"line":20,"column":80}},"6":{"start":{"line":24,"column":46},"end":{"line":24,"column":56}},"7":{"start":{"line":26,"column":22},"end":{"line":29,"column":9}},"8":{"start":{"line":31,"column":8},"end":{"line":35,"column":10}},"9":{"start":{"line":39,"column":0},"end":{"line":43,"column":2}}},"fnMap":{"0":{"name":"(anonymous_0)","decl":{"start":{"line":7,"column":13},"end":{"line":7,"column":14}},"loc":{"start":{"line":7,"column":21},"end":{"line":9,"column":5}},"line":7},"1":{"name":"(anonymous_1)","decl":{"start":{"line":11,"column":4},"end":{"line":11,"column":5}},"loc":{"start":{"line":11,"column":24},"end":{"line":15,"column":5}},"line":11},"2":{"name":"(anonymous_2)","decl":{"start":{"line":17,"column":4},"end":{"line":17,"column":5}},"loc":{"start":{"line":17,"column":27},"end":{"line":21,"column":5}},"line":17},"3":{"name":"(anonymous_3)","decl":{"start":{"line":23,"column":4},"end":{"line":23,"column":5}},"loc":{"start":{"line":23,"column":13},"end":{"line":36,"column":5}},"line":23}},"branchMap":{},"s":{"0":7,"1":9,"2":9,"3":9,"4":2,"5":2,"6":7,"7":7,"8":7,"9":1},"f":{"0":9,"1":9,"2":2,"3":7},"b":{},"_coverageSchema":"1a1c01bbd47fc00a2c39e90264f33305004495a9","hash":"894594decfaec19a8c4190e58f7f53129701d8a2"}
,"C:\\Users\\Rib0\\Desktop\\programming\\Game\\src\\javascript\\games\\words\\components\\Word\\index.jsx": {"path":"C:\\Users\\Rib0\\Desktop\\programming\\Game\\src\\javascript\\games\\words\\components\\Word\\index.jsx","statementMap":{"0":{"start":{"line":7,"column":11},"end":{"line":7,"column":34}},"1":{"start":{"line":10,"column":12},"end":{"line":13,"column":5}},"2":{"start":{"line":16,"column":8},"end":{"line":16,"column":66}},"3":{"start":{"line":20,"column":8},"end":{"line":22,"column":11}},"4":{"start":{"line":23,"column":8},"end":{"line":27,"column":14}},"5":{"start":{"line":24,"column":12},"end":{"line":26,"column":15}},"6":{"start":{"line":31,"column":44},"end":{"line":31,"column":54}},"7":{"start":{"line":33,"column":8},"end":{"line":39,"column":9}},"8":{"start":{"line":34,"column":31},"end":{"line":34,"column":69}},"9":{"start":{"line":34,"column":55},"end":{"line":34,"column":68}},"10":{"start":{"line":35,"column":12},"end":{"line":38,"column":13}},"11":{"start":{"line":36,"column":16},"end":{"line":36,"column":31}},"12":{"start":{"line":37,"column":16},"end":{"line":37,"column":39}},"13":{"start":{"line":43,"column":30},"end":{"line":43,"column":40}},"14":{"start":{"line":45,"column":34},"end":{"line":45,"column":77}},"15":{"start":{"line":45,"column":62},"end":{"line":45,"column":76}},"16":{"start":{"line":46,"column":8},"end":{"line":46,"column":58}},"17":{"start":{"line":47,"column":8},"end":{"line":49,"column":16}},"18":{"start":{"line":48,"column":12},"end":{"line":48,"column":49}},"19":{"start":{"line":52,"column":16},"end":{"line":67,"column":5}},"20":{"start":{"line":53,"column":24},"end":{"line":53,"column":29}},"21":{"start":{"line":54,"column":57},"end":{"line":54,"column":67}},"22":{"start":{"line":56,"column":30},"end":{"line":56,"column":68}},"23":{"start":{"line":56,"column":53},"end":{"line":56,"column":67}},"24":{"start":{"line":58,"column":27},"end":{"line":58,"column":40}},"25":{"start":{"line":60,"column":8},"end":{"line":66,"column":9}},"26":{"start":{"line":61,"column":12},"end":{"line":61,"column":29}},"27":{"start":{"line":63,"column":12},"end":{"line":63,"column":30}},"28":{"start":{"line":64,"column":12},"end":{"line":64,"column":24}},"29":{"start":{"line":65,"column":12},"end":{"line":65,"column":35}},"30":{"start":{"line":70,"column":8},"end":{"line":70,"column":69}},"31":{"start":{"line":74,"column":30},"end":{"line":74,"column":40}},"32":{"start":{"line":75,"column":52},"end":{"line":75,"column":62}},"33":{"start":{"line":77,"column":8},"end":{"line":92,"column":10}},"34":{"start":{"line":80,"column":20},"end":{"line":89,"column":27}},"35":{"start":{"line":96,"column":0},"end":{"line":107,"column":2}}},"fnMap":{"0":{"name":"(anonymous_0)","decl":{"start":{"line":15,"column":4},"end":{"line":15,"column":5}},"loc":{"start":{"line":15,"column":24},"end":{"line":17,"column":5}},"line":15},"1":{"name":"(anonymous_1)","decl":{"start":{"line":19,"column":4},"end":{"line":19,"column":5}},"loc":{"start":{"line":19,"column":22},"end":{"line":28,"column":5}},"line":19},"2":{"name":"(anonymous_2)","decl":{"start":{"line":23,"column":19},"end":{"line":23,"column":20}},"loc":{"start":{"line":23,"column":25},"end":{"line":27,"column":9}},"line":23},"3":{"name":"(anonymous_3)","decl":{"start":{"line":30,"column":4},"end":{"line":30,"column":5}},"loc":{"start":{"line":30,"column":34},"end":{"line":40,"column":5}},"line":30},"4":{"name":"(anonymous_4)","decl":{"start":{"line":34,"column":47},"end":{"line":34,"column":48}},"loc":{"start":{"line":34,"column":55},"end":{"line":34,"column":68}},"line":34},"5":{"name":"(anonymous_5)","decl":{"start":{"line":42,"column":4},"end":{"line":42,"column":5}},"loc":{"start":{"line":42,"column":17},"end":{"line":50,"column":5}},"line":42},"6":{"name":"(anonymous_6)","decl":{"start":{"line":45,"column":54},"end":{"line":45,"column":55}},"loc":{"start":{"line":45,"column":62},"end":{"line":45,"column":76}},"line":45},"7":{"name":"(anonymous_7)","decl":{"start":{"line":47,"column":19},"end":{"line":47,"column":20}},"loc":{"start":{"line":47,"column":25},"end":{"line":49,"column":9}},"line":47},"8":{"name":"(anonymous_8)","decl":{"start":{"line":52,"column":16},"end":{"line":52,"column":17}},"loc":{"start":{"line":52,"column":25},"end":{"line":67,"column":5}},"line":52},"9":{"name":"(anonymous_9)","decl":{"start":{"line":56,"column":45},"end":{"line":56,"column":46}},"loc":{"start":{"line":56,"column":53},"end":{"line":56,"column":67}},"line":56},"10":{"name":"(anonymous_10)","decl":{"start":{"line":69,"column":4},"end":{"line":69,"column":5}},"loc":{"start":{"line":69,"column":27},"end":{"line":71,"column":5}},"line":69},"11":{"name":"(anonymous_11)","decl":{"start":{"line":73,"column":4},"end":{"line":73,"column":5}},"loc":{"start":{"line":73,"column":13},"end":{"line":93,"column":5}},"line":73},"12":{"name":"(anonymous_12)","decl":{"start":{"line":79,"column":31},"end":{"line":79,"column":32}},"loc":{"start":{"line":80,"column":20},"end":{"line":89,"column":27}},"line":80}},"branchMap":{"0":{"loc":{"start":{"line":33,"column":8},"end":{"line":39,"column":9}},"type":"if","locations":[{"start":{"line":33,"column":8},"end":{"line":39,"column":9}},{"start":{"line":33,"column":8},"end":{"line":39,"column":9}}],"line":33},"1":{"loc":{"start":{"line":35,"column":12},"end":{"line":38,"column":13}},"type":"if","locations":[{"start":{"line":35,"column":12},"end":{"line":38,"column":13}},{"start":{"line":35,"column":12},"end":{"line":38,"column":13}}],"line":35},"2":{"loc":{"start":{"line":60,"column":8},"end":{"line":66,"column":9}},"type":"if","locations":[{"start":{"line":60,"column":8},"end":{"line":66,"column":9}},{"start":{"line":60,"column":8},"end":{"line":66,"column":9}}],"line":60}},"s":{"0":1,"1":10,"2":12,"3":3,"4":3,"5":1,"6":8,"7":8,"8":1,"9":3,"10":1,"11":1,"12":1,"13":2,"14":2,"15":2,"16":2,"17":2,"18":1,"19":10,"20":2,"21":2,"22":2,"23":2,"24":2,"25":2,"26":1,"27":1,"28":1,"29":1,"30":2,"31":18,"32":18,"33":18,"34":54,"35":1},"f":{"0":12,"1":3,"2":1,"3":8,"4":3,"5":2,"6":2,"7":1,"8":2,"9":2,"10":2,"11":18,"12":54},"b":{"0":[1,7],"1":[1,0],"2":[1,1]},"_coverageSchema":"1a1c01bbd47fc00a2c39e90264f33305004495a9","hash":"1c6e15d3125fe8a35417c1aac82ae3187d1e48fa"}
}
