TN:
SF:src\javascript\base\index.js
FNF:0
FNH:0
LF:0
LH:0
BRF:0
BRH:0
end_of_record
TN:
SF:src\javascript\base\Button\index.jsx
FN:22,(anonymous_0)
FNF:1
FNH:1
FNDA:11,(anonymous_0)
DA:9,4
DA:12,4
DA:17,4
DA:23,11
DA:25,11
DA:27,11
DA:35,4
DA:40,4
LF:8
LH:8
BRDA:25,0,0,11
BRDA:25,0,1,4
BRDA:29,1,0,4
BRDA:29,1,1,7
BRF:4
BRH:4
end_of_record
TN:
SF:src\javascript\base\Icon\index.jsx
FN:20,(anonymous_0)
FNF:1
FNH:1
FNDA:3,(anonymous_0)
DA:8,5
DA:11,5
DA:16,5
DA:21,3
DA:23,3
DA:31,5
DA:37,5
LF:7
LH:7
BRF:0
BRH:0
end_of_record
TN:
SF:src\javascript\base\Loader\index.jsx
FN:5,(anonymous_0)
FNF:1
FNH:1
FNDA:2,(anonymous_0)
DA:5,3
DA:6,2
LF:2
LH:2
BRF:0
BRH:0
end_of_record
TN:
SF:src\javascript\base\Modal\index.jsx
FN:9,(anonymous_0)
FN:13,(anonymous_1)
FNF:2
FNH:2
FNDA:1,(anonymous_0)
FNDA:7,(anonymous_1)
DA:10,1
DA:14,7
DA:16,7
DA:18,6
DA:33,3
LF:5
LH:5
BRDA:16,0,0,1
BRDA:16,0,1,6
BRDA:22,1,0,6
BRDA:22,1,1,6
BRDA:25,2,0,6
BRDA:25,2,1,1
BRF:6
BRH:6
end_of_record
TN:
SF:src\javascript\games\balls\components\Button\index.tsx
FN:13,(anonymous_2)
FN:28,(anonymous_3)
FN:30,(anonymous_4)
FNF:3
FNH:2
FNDA:0,(anonymous_2)
FNDA:1,(anonymous_3)
FNDA:1,(anonymous_4)
DA:1,1
DA:2,1
DA:4,1
DA:13,1
DA:15,0
DA:16,0
DA:17,0
DA:23,1
DA:28,1
DA:30,1
DA:38,1
LF:11
LH:8
BRDA:19,0,0,0
BRDA:19,0,1,0
BRDA:28,1,0,0
BRDA:28,1,1,1
BRDA:30,2,0,0
BRDA:30,2,1,1
BRF:6
BRH:2
end_of_record
TN:
SF:src\javascript\games\balls\components\Icon\index.tsx
FN:9,(anonymous_1)
FNF:1
FNH:0
FNDA:0,(anonymous_1)
DA:1,1
DA:3,1
DA:9,1
DA:11,1
LF:4
LH:4
BRF:0
BRH:0
end_of_record
TN:
SF:src\javascript\games\digits\utils.js
FN:1,(anonymous_0)
FNF:1
FNH:1
FNDA:239,(anonymous_0)
DA:1,3
DA:2,239
LF:2
LH:2
BRF:0
BRH:0
end_of_record
TN:
SF:src\javascript\games\digits\components\Field\index.jsx
FN:8,(anonymous_0)
FN:16,(anonymous_1)
FN:29,(anonymous_2)
FN:34,(anonymous_3)
FNF:4
FNH:4
FNDA:1,(anonymous_0)
FNDA:27,(anonymous_1)
FNDA:5,(anonymous_2)
FNDA:25,(anonymous_3)
DA:9,1
DA:16,5
DA:17,27
DA:18,27
DA:19,27
DA:20,27
DA:22,27
DA:30,5
DA:32,5
DA:35,25
DA:40,25
DA:58,2
LF:12
LH:12
BRDA:23,0,0,6
BRDA:23,0,1,21
BRDA:24,1,0,6
BRDA:24,1,1,21
BRDA:25,2,0,6
BRDA:25,2,1,21
BRDA:25,3,0,27
BRDA:25,3,1,27
BRDA:37,4,0,25
BRDA:37,4,1,5
BRF:10
BRH:10
end_of_record
TN:
SF:src\javascript\games\digits\components\MainView\index.jsx
FN:21,(anonymous_0)
FN:30,(anonymous_1)
FN:33,(anonymous_2)
FN:36,(anonymous_3)
FN:52,(anonymous_4)
FN:57,(anonymous_5)
FN:59,(anonymous_6)
FN:63,(anonymous_7)
FN:68,(anonymous_8)
FN:68,(anonymous_9)
FN:71,(anonymous_10)
FN:77,(anonymous_11)
FN:79,(anonymous_12)
FN:88,(anonymous_13)
FN:94,(anonymous_14)
FN:102,(anonymous_15)
FN:111,(anonymous_16)
FNF:17
FNH:17
FNDA:11,(anonymous_0)
FNDA:5,(anonymous_1)
FNDA:75,(anonymous_2)
FNDA:1654,(anonymous_3)
FNDA:3,(anonymous_4)
FNDA:1,(anonymous_5)
FNDA:1,(anonymous_6)
FNDA:3,(anonymous_7)
FNDA:3,(anonymous_8)
FNDA:45,(anonymous_9)
FNDA:6,(anonymous_10)
FNDA:7,(anonymous_11)
FNDA:6,(anonymous_12)
FNDA:1,(anonymous_13)
FNDA:2,(anonymous_14)
FNDA:15,(anonymous_15)
FNDA:20,(anonymous_16)
DA:11,2
DA:12,2
DA:13,2
DA:15,9
DA:22,11
DA:23,11
DA:25,11
DA:26,7
DA:31,5
DA:33,5
DA:34,75
DA:36,1654
DA:37,163
DA:39,75
DA:44,75
DA:47,5
DA:52,9
DA:53,3
DA:54,3
DA:56,2
DA:57,2
DA:58,1
DA:59,1
DA:64,3
DA:65,3
DA:67,3
DA:68,45
DA:70,3
DA:71,6
DA:74,3
DA:78,7
DA:79,7
DA:81,7
DA:82,1
DA:88,9
DA:89,1
DA:91,1
DA:94,9
DA:97,2
DA:98,2
DA:99,2
DA:101,1
DA:102,1
DA:103,15
DA:106,1
DA:112,20
DA:114,20
LF:47
LH:47
BRDA:25,0,0,7
BRDA:25,0,1,4
BRDA:25,1,0,11
BRDA:25,1,1,11
BRDA:54,2,0,1
BRDA:54,2,1,2
BRDA:81,3,0,1
BRDA:81,3,1,6
BRDA:99,4,0,1
BRDA:99,4,1,1
BRDA:103,5,0,1
BRDA:103,5,1,14
BRF:12
BRH:12
end_of_record
TN:
SF:src\javascript\games\words\components\ProgressBar\index.jsx
FN:7,(anonymous_0)
FN:11,(anonymous_1)
FN:17,(anonymous_2)
FN:23,(anonymous_3)
FNF:4
FNH:4
FNDA:9,(anonymous_0)
FNDA:9,(anonymous_1)
FNDA:2,(anonymous_2)
FNDA:7,(anonymous_3)
DA:7,7
DA:8,9
DA:12,9
DA:14,9
DA:18,2
DA:20,2
DA:24,7
DA:26,7
DA:31,7
DA:39,1
LF:10
LH:10
BRF:0
BRH:0
end_of_record
TN:
SF:src\javascript\games\words\components\Word\index.jsx
FN:15,(anonymous_0)
FN:19,(anonymous_1)
FN:23,(anonymous_2)
FN:30,(anonymous_3)
FN:34,(anonymous_4)
FN:42,(anonymous_5)
FN:45,(anonymous_6)
FN:47,(anonymous_7)
FN:52,(anonymous_8)
FN:56,(anonymous_9)
FN:69,(anonymous_10)
FN:73,(anonymous_11)
FN:79,(anonymous_12)
FNF:13
FNH:13
FNDA:13,(anonymous_0)
FNDA:3,(anonymous_1)
FNDA:1,(anonymous_2)
FNDA:8,(anonymous_3)
FNDA:3,(anonymous_4)
FNDA:2,(anonymous_5)
FNDA:2,(anonymous_6)
FNDA:1,(anonymous_7)
FNDA:2,(anonymous_8)
FNDA:2,(anonymous_9)
FNDA:2,(anonymous_10)
FNDA:19,(anonymous_11)
FNDA:57,(anonymous_12)
DA:7,1
DA:10,11
DA:16,13
DA:20,3
DA:23,3
DA:24,1
DA:31,8
DA:33,8
DA:34,3
DA:35,1
DA:36,1
DA:37,1
DA:43,2
DA:45,2
DA:46,2
DA:47,2
DA:48,1
DA:52,11
DA:53,2
DA:54,2
DA:56,2
DA:58,2
DA:60,2
DA:61,1
DA:63,1
DA:64,1
DA:65,1
DA:70,2
DA:74,19
DA:75,19
DA:77,19
DA:80,57
DA:96,1
LF:33
LH:33
BRDA:33,0,0,1
BRDA:33,0,1,7
BRDA:35,1,0,1
BRDA:35,1,1,0
BRDA:60,2,0,1
BRDA:60,2,1,1
BRF:6
BRH:5
end_of_record
