TN:
SF:src\javascript\base\index.js
FNF:0
FNH:0
LF:0
LH:0
BRF:0
BRH:0
end_of_record
TN:
SF:src\javascript\base\Button\index.jsx
FN:22,(anonymous_0)
FNF:1
FNH:1
FNDA:11,(anonymous_0)
DA:9,4
DA:12,4
DA:17,4
DA:23,11
DA:25,11
DA:27,11
DA:35,4
DA:40,4
LF:8
LH:8
BRDA:25,0,0,11
BRDA:25,0,1,4
BRDA:29,1,0,4
BRDA:29,1,1,7
BRF:4
BRH:4
end_of_record
TN:
SF:src\javascript\base\Icon\index.jsx
FN:20,(anonymous_0)
FNF:1
FNH:1
FNDA:3,(anonymous_0)
DA:8,5
DA:11,5
DA:16,5
DA:21,3
DA:23,3
DA:31,5
DA:37,5
LF:7
LH:7
BRF:0
BRH:0
end_of_record
TN:
SF:src\javascript\base\Loader\index.jsx
FN:5,(anonymous_0)
FNF:1
FNH:1
FNDA:2,(anonymous_0)
DA:5,3
DA:6,2
LF:2
LH:2
BRF:0
BRH:0
end_of_record
TN:
SF:src\javascript\base\Modal\index.jsx
FN:9,(anonymous_0)
FN:13,(anonymous_1)
FNF:2
FNH:2
FNDA:1,(anonymous_0)
FNDA:7,(anonymous_1)
DA:10,1
DA:14,7
DA:16,7
DA:18,6
DA:33,3
LF:5
LH:5
BRDA:16,0,0,1
BRDA:16,0,1,6
BRDA:22,1,0,6
BRDA:22,1,1,6
BRDA:25,2,0,6
BRDA:25,2,1,1
BRF:6
BRH:6
end_of_record
TN:
SF:src\javascript\games\digits\utils.js
FN:1,(anonymous_0)
FNF:1
FNH:1
FNDA:1,(anonymous_0)
DA:1,3
DA:2,1
LF:2
LH:2
BRF:0
BRH:0
end_of_record
TN:
SF:src\javascript\games\digits\components\Field\index.jsx
FN:8,(anonymous_0)
FN:16,(anonymous_1)
FN:29,(anonymous_2)
FN:34,(anonymous_3)
FNF:4
FNH:4
FNDA:1,(anonymous_0)
FNDA:27,(anonymous_1)
FNDA:5,(anonymous_2)
FNDA:25,(anonymous_3)
DA:9,1
DA:16,5
DA:17,27
DA:18,27
DA:19,27
DA:20,27
DA:22,27
DA:30,5
DA:32,5
DA:35,25
DA:40,25
DA:58,2
LF:12
LH:12
BRDA:23,0,0,6
BRDA:23,0,1,21
BRDA:24,1,0,6
BRDA:24,1,1,21
BRDA:25,2,0,6
BRDA:25,2,1,21
BRDA:25,3,0,27
BRDA:25,3,1,27
BRDA:37,4,0,25
BRDA:37,4,1,5
BRF:10
BRH:10
end_of_record
TN:
SF:src\javascript\games\digits\components\MainView\index.jsx
FN:21,(anonymous_0)
FN:30,(anonymous_1)
FN:33,(anonymous_2)
FN:36,(anonymous_3)
FN:52,(anonymous_4)
FN:57,(anonymous_5)
FN:59,(anonymous_6)
FN:63,(anonymous_7)
FN:68,(anonymous_8)
FN:68,(anonymous_9)
FN:71,(anonymous_10)
FN:77,(anonymous_11)
FN:79,(anonymous_12)
FN:88,(anonymous_13)
FN:94,(anonymous_14)
FN:102,(anonymous_15)
FN:111,(anonymous_16)
FNF:17
FNH:3
FNDA:1,(anonymous_0)
FNDA:0,(anonymous_1)
FNDA:0,(anonymous_2)
FNDA:0,(anonymous_3)
FNDA:0,(anonymous_4)
FNDA:0,(anonymous_5)
FNDA:0,(anonymous_6)
FNDA:0,(anonymous_7)
FNDA:0,(anonymous_8)
FNDA:0,(anonymous_9)
FNDA:0,(anonymous_10)
FNDA:1,(anonymous_11)
FNDA:0,(anonymous_12)
FNDA:0,(anonymous_13)
FNDA:0,(anonymous_14)
FNDA:0,(anonymous_15)
FNDA:3,(anonymous_16)
DA:11,2
DA:12,2
DA:13,2
DA:15,2
DA:22,1
DA:23,1
DA:25,1
DA:26,1
DA:31,0
DA:33,0
DA:34,0
DA:36,0
DA:37,0
DA:39,0
DA:44,0
DA:47,0
DA:52,2
DA:53,0
DA:54,0
DA:56,0
DA:57,0
DA:58,0
DA:59,0
DA:64,0
DA:65,0
DA:67,0
DA:68,0
DA:70,0
DA:71,0
DA:74,0
DA:78,1
DA:79,1
DA:81,1
DA:82,1
DA:88,2
DA:89,0
DA:91,0
DA:94,2
DA:97,0
DA:98,0
DA:99,0
DA:101,0
DA:102,0
DA:103,0
DA:106,0
DA:112,3
DA:114,3
LF:47
LH:17
BRDA:25,0,0,1
BRDA:25,0,1,0
BRDA:25,1,0,1
BRDA:25,1,1,1
BRDA:54,2,0,0
BRDA:54,2,1,0
BRDA:81,3,0,1
BRDA:81,3,1,0
BRDA:99,4,0,0
BRDA:99,4,1,0
BRDA:103,5,0,0
BRDA:103,5,1,0
BRF:12
BRH:4
end_of_record
